[2022-11-11 11:42:18] [ INFO ] [PacienteDaoH2:113] Iniciando la búsqueda del paciente con email=correo@gmail.com
[2022-11-11 11:42:18] [ INFO ] [DomicilioDaoH2:59] Iniciando una operacion de busqueda de un domicilio con id= 2
[2022-11-11 11:42:43] [ INFO ] [PacienteDaoH2:113] Iniciando la búsqueda del paciente con email=PRUEBA@GMAIL.COM
[2022-11-11 11:42:43] [ INFO ] [DomicilioDaoH2:59] Iniciando una operacion de busqueda de un domicilio con id= 1
[2022-11-11 12:03:38] [ INFO ] [OdontologoDaoH2:54] Se inicia la operacion de guardado de ''  con id= 1
[2022-11-11 12:04:51] [ INFO ] [OdontologoDaoH2:54] Se inicia la operacion de guardado de ''  con id= 1
[2022-11-11 12:06:30] [ INFO ] [PacienteDaoH2:114] Iniciando la búsqueda del paciente con email=correo@gmail.com
[2022-11-11 12:06:31] [ INFO ] [DomicilioDaoH2:60] Iniciando una operacion de busqueda de un domicilio con id= 2
[2022-11-11 12:16:30] [ INFO ] [OdontologoDaoH2:54] Se inicia la operacion de guardado de ''  con id= 1
[2022-11-11 12:26:47] [ INFO ] [OdontologoDaoH2:24] Se inicia la operacion de guardado de Damian
[2022-11-11 12:26:48] [ INFO ] [OdontologoDaoH2:24] Se inicia la operacion de guardado de Carlos
[2022-11-11 12:26:48] [ INFO ] [OdontologoDaoH2:133] Iniciando una operacion de buequeda total de los odontologos
[2022-11-11 12:30:40] [ INFO ] [OdontologoDaoH2:24] Se inicia la operacion de guardado de Damian
[2022-11-11 12:30:41] [ INFO ] [OdontologoDaoH2:24] Se inicia la operacion de guardado de Carlos
[2022-11-11 12:30:41] [ INFO ] [OdontologoDaoH2:133] Iniciando una operacion de buequeda total de los odontologos
[2022-11-11 12:30:41] [ INFO ] [OdontologoDaoH2:54] Se inicia la operacion de guardado de ''  con id= 1
[2022-11-11 12:31:29] [ INFO ] [OdontologoDaoH2:24] Se inicia la operacion de guardado de Damian
[2022-11-11 12:31:29] [ INFO ] [OdontologoDaoH2:24] Se inicia la operacion de guardado de Carlos
[2022-11-11 12:31:29] [ INFO ] [OdontologoDaoH2:133] Iniciando una operacion de buequeda total de los odontologos
[2022-11-11 12:31:29] [ INFO ] [OdontologoDaoH2:24] Se inicia la operacion de guardado de Damian
[2022-11-11 12:31:29] [ INFO ] [OdontologoDaoH2:24] Se inicia la operacion de guardado de Carlos
[2022-11-11 12:31:30] [ INFO ] [OdontologoDaoH2:54] Se inicia la operacion de guardado de ''  con id= 1
[2022-11-11 12:32:03] [ INFO ] [OdontologoDaoH2:24] Se inicia la operacion de guardado de Damian
[2022-11-11 12:32:03] [ INFO ] [OdontologoDaoH2:24] Se inicia la operacion de guardado de Carlos
[2022-11-11 12:32:03] [ INFO ] [OdontologoDaoH2:133] Iniciando una operacion de buequeda total de los odontologos
[2022-11-11 12:43:34] [ INFO ] [OdontologoDaoH2:24] Se inicia la operacion de guardado de Damian
[2022-11-11 12:43:34] [ INFO ] [OdontologoDaoH2:24] Se inicia la operacion de guardado de Carlos
[2022-11-11 12:43:34] [ INFO ] [OdontologoDaoH2:133] Iniciando una operacion de buequeda total de los odontologos
[2022-11-11 12:43:35] [ INFO ] [PacienteDaoH2:32] iniciando la busqueda del paciente con id= 1
[2022-11-11 12:43:35] [ INFO ] [DomicilioDaoH2:60] Iniciando una operacion de busqueda de un domicilio con id= 1
[2022-11-11 12:45:54] [ INFO ] [OdontologoDaoH2:54] Se inicia la operacion de guardado de ''  con id= 1
[2022-11-14 13:55:32] [ INFO ] [OdontologoDaoH2:54] Se inicia la operacion de guardado de ''  con id= 1
[2022-11-14 13:56:34] [ INFO ] [OdontologoDaoH2:54] Se inicia la operacion de guardado de ''  con id= 1
[2022-11-14 13:57:17] [ INFO ] [OdontologoDaoH2:54] Se inicia la operacion de guardado de ''  con id= 1
[2022-11-14 15:49:55] [ INFO ] [PacienteDaoH2:27] iniciando el guadado del paciente con nombre= Damian
[2022-11-14 15:49:55] [ INFO ] [DomicilioDaoH2:29] Iniciando una operacion de guardado de un domicilio
[2022-11-14 15:51:32] [ INFO ] [PacienteDaoH2:64] iniciando la busqueda del paciente con id= 3
[2022-11-14 15:51:32] [ INFO ] [DomicilioDaoH2:60] Iniciando una operacion de busqueda de un domicilio con id= 3
[2022-11-14 15:51:32] [ INFO ] [PacienteDaoH2:99] iniciando la actualizacion del paciente con id= 3
[2022-11-14 15:51:32] [ INFO ] [DomicilioDaoH2:89] Iniciando una operacion de actualizacion de un domicilio con id= 3
[2022-11-14 15:52:49] [ INFO ] [PacienteDaoH2:64] iniciando la busqueda del paciente con id= 7
[2022-11-14 15:56:46] [ INFO ] [PacienteDaoH2:64] iniciando la busqueda del paciente con id= 2
[2022-11-14 15:56:46] [ INFO ] [DomicilioDaoH2:60] Iniciando una operacion de busqueda de un domicilio con id= 2
[2022-11-14 16:08:32] [ INFO ] [PacienteDaoH2:28] iniciando el guadado del paciente con nombre= Damian
[2022-11-14 16:08:32] [ INFO ] [DomicilioDaoH2:29] Iniciando una operacion de guardado de un domicilio
[2022-11-14 16:08:33] [ INFO ] [PacienteDaoH2:28] iniciando el guadado del paciente con nombre= Damian
[2022-11-14 16:08:33] [ INFO ] [DomicilioDaoH2:29] Iniciando una operacion de guardado de un domicilio
[2022-11-14 16:09:22] [ INFO ] [PacienteDaoH2:65] iniciando la busqueda del paciente con id= 4
[2022-11-14 16:09:22] [ INFO ] [DomicilioDaoH2:60] Iniciando una operacion de busqueda de un domicilio con id= 4
[2022-11-14 16:09:22] [ INFO ] [PacienteDaoH2:134] iniciando la eliminacion del paciente con id= 4
[2022-11-14 16:14:38] [ INFO ] [PacienteDaoH2:158] iniciando la busqueda de todos los pacientes 
[2022-11-14 16:14:38] [ INFO ] [DomicilioDaoH2:60] Iniciando una operacion de busqueda de un domicilio con id= 1
[2022-11-14 16:14:38] [ INFO ] [DomicilioDaoH2:60] Iniciando una operacion de busqueda de un domicilio con id= 2
[2022-11-16 14:23:57] [ INFO ] [OdontologoDaoH2:54] Se inicia la operacion de guardado de ''  con id= 1
[2022-11-16 14:23:57] [ INFO ] [PacienteDaoH2:65] iniciando la busqueda del paciente con id= 1
[2022-11-16 14:23:57] [ INFO ] [DomicilioDaoH2:60] Iniciando una operacion de busqueda de un domicilio con id= 1
[2022-11-16 14:43:16] [ INFO ] [OdontologoDaoH2:54] Se inicia la operacion de guardado de ''  con id= 1
[2022-11-16 14:43:17] [ INFO ] [PacienteDaoH2:65] iniciando la busqueda del paciente con id= 1
[2022-11-16 14:43:17] [ INFO ] [DomicilioDaoH2:60] Iniciando una operacion de busqueda de un domicilio con id= 1
[2022-11-16 14:45:20] [ INFO ] [OdontologoDaoH2:54] Se inicia la operacion de guardado de ''  con id= 1
[2022-11-16 14:45:20] [ INFO ] [PacienteDaoH2:65] iniciando la busqueda del paciente con id= 1
[2022-11-16 14:45:20] [ INFO ] [DomicilioDaoH2:60] Iniciando una operacion de busqueda de un domicilio con id= 1
[2022-11-16 14:45:25] [ INFO ] [PacienteDaoH2:158] iniciando la busqueda de todos los pacientes 
[2022-11-16 14:45:25] [ INFO ] [DomicilioDaoH2:60] Iniciando una operacion de busqueda de un domicilio con id= 1
[2022-11-16 14:45:25] [ INFO ] [DomicilioDaoH2:60] Iniciando una operacion de busqueda de un domicilio con id= 2
[2022-11-16 14:46:52] [ INFO ] [OdontologoDaoH2:54] Se inicia la operacion de guardado de ''  con id= 1
[2022-11-16 14:46:52] [ INFO ] [PacienteDaoH2:65] iniciando la busqueda del paciente con id= 1
[2022-11-16 14:46:52] [ INFO ] [DomicilioDaoH2:60] Iniciando una operacion de busqueda de un domicilio con id= 1
[2022-11-16 16:04:22] [ INFO ] [OdontologoDaoH2:54] Se inicia la operacion de guardado de ''  con id= 1
[2022-11-16 16:04:22] [ INFO ] [PacienteDaoH2:65] iniciando la busqueda del paciente con id= 1
[2022-11-16 16:04:23] [ INFO ] [DomicilioDaoH2:60] Iniciando una operacion de busqueda de un domicilio con id= 1
[2022-11-16 16:08:48] [ INFO ] [PacienteDaoH2:65] iniciando la busqueda del paciente con id= 2
[2022-11-16 16:08:48] [ INFO ] [DomicilioDaoH2:60] Iniciando una operacion de busqueda de un domicilio con id= 2
[2022-11-16 16:08:59] [ INFO ] [PacienteDaoH2:158] iniciando la busqueda de todos los pacientes 
[2022-11-16 16:08:59] [ INFO ] [DomicilioDaoH2:60] Iniciando una operacion de busqueda de un domicilio con id= 1
[2022-11-16 16:08:59] [ INFO ] [DomicilioDaoH2:60] Iniciando una operacion de busqueda de un domicilio con id= 2
[2022-11-16 16:14:00] [ INFO ] [OdontologoDaoH2:54] Se inicia la operacion de guardado de ''  con id= 1
[2022-11-16 16:14:00] [ INFO ] [PacienteDaoH2:65] iniciando la busqueda del paciente con id= 10
[2022-11-16 16:14:09] [ INFO ] [OdontologoDaoH2:54] Se inicia la operacion de guardado de ''  con id= 1
[2022-11-16 16:14:09] [ INFO ] [PacienteDaoH2:65] iniciando la busqueda del paciente con id= 2
[2022-11-16 16:14:09] [ INFO ] [DomicilioDaoH2:60] Iniciando una operacion de busqueda de un domicilio con id= 2
[2022-11-16 16:14:26] [ INFO ] [OdontologoDaoH2:54] Se inicia la operacion de guardado de ''  con id= 1
[2022-11-16 16:14:26] [ INFO ] [PacienteDaoH2:65] iniciando la busqueda del paciente con id= 1
[2022-11-16 16:14:26] [ INFO ] [DomicilioDaoH2:60] Iniciando una operacion de busqueda de un domicilio con id= 1
[2022-11-16 16:20:36] [ INFO ] [OdontologoDaoH2:54] Se inicia la operacion de guardado de ''  con id= 1
[2022-11-16 16:20:36] [ INFO ] [PacienteDaoH2:65] iniciando la busqueda del paciente con id= 1
[2022-11-16 16:20:37] [ INFO ] [DomicilioDaoH2:60] Iniciando una operacion de busqueda de un domicilio con id= 1
[2022-11-16 16:54:25] [ INFO ] [OdontologoDaoH2:133] Iniciando una operacion de buequeda total de los odontologos
[2022-11-16 16:56:39] [ INFO ] [OdontologoDaoH2:133] Iniciando una operacion de buequeda total de los odontologos
[2022-11-16 16:59:10] [ INFO ] [OdontologoDaoH2:133] Iniciando una operacion de buequeda total de los odontologos
[2022-11-16 17:01:02] [ INFO ] [OdontologoDaoH2:133] Iniciando una operacion de buequeda total de los odontologos
[2022-11-16 17:04:59] [ INFO ] [OdontologoDaoH2:133] Iniciando una operacion de buequeda total de los odontologos
[2022-11-16 17:14:25] [ INFO ] [OdontologoDaoH2:133] Iniciando una operacion de buequeda total de los odontologos
[2022-11-16 17:14:46] [ INFO ] [OdontologoDaoH2:24] Se inicia la operacion de guardado de Damian
[2022-11-16 17:14:56] [ INFO ] [OdontologoDaoH2:133] Iniciando una operacion de buequeda total de los odontologos
[2022-11-16 17:50:29] [ INFO ] [OdontologoDaoH2:133] Iniciando una operacion de buequeda total de los odontologos
[2022-11-17 14:50:27] [ INFO ] [OdontologoDaoH2:133] Iniciando una operacion de buequeda total de los odontologos
[2022-11-17 14:59:32] [ INFO ] [OdontologoDaoH2:133] Iniciando una operacion de buequeda total de los odontologos
[2022-11-17 15:00:50] [ INFO ] [OdontologoDaoH2:133] Iniciando una operacion de buequeda total de los odontologos
[2022-11-17 15:01:43] [ INFO ] [OdontologoDaoH2:133] Iniciando una operacion de buequeda total de los odontologos
[2022-11-17 15:02:44] [ INFO ] [OdontologoDaoH2:133] Iniciando una operacion de buequeda total de los odontologos
[2022-11-17 15:03:23] [ INFO ] [OdontologoDaoH2:133] Iniciando una operacion de buequeda total de los odontologos
[2022-11-17 15:04:01] [ INFO ] [OdontologoDaoH2:133] Iniciando una operacion de buequeda total de los odontologos
[2022-11-17 15:13:58] [ INFO ] [OdontologoDaoH2:133] Iniciando una operacion de buequeda total de los odontologos
[2022-11-17 15:15:37] [ INFO ] [OdontologoDaoH2:24] Se inicia la operacion de guardado de Damian
[2022-11-17 15:15:49] [ INFO ] [OdontologoDaoH2:133] Iniciando una operacion de buequeda total de los odontologos
[2022-11-17 15:19:28] [ INFO ] [OdontologoDaoH2:133] Iniciando una operacion de buequeda total de los odontologos
[2022-11-17 15:20:32] [ INFO ] [OdontologoDaoH2:133] Iniciando una operacion de buequeda total de los odontologos
[2022-11-17 15:23:30] [ INFO ] [OdontologoDaoH2:133] Iniciando una operacion de buequeda total de los odontologos
[2022-11-17 16:14:39] [ INFO ] [OdontologoDaoH2:133] Iniciando una operacion de buequeda total de los odontologos
[2022-11-17 16:15:37] [ INFO ] [OdontologoDaoH2:133] Iniciando una operacion de buequeda total de los odontologos
[2022-11-17 16:23:08] [ INFO ] [OdontologoDaoH2:133] Iniciando una operacion de buequeda total de los odontologos
[2022-11-17 16:23:19] [ INFO ] [OdontologoDaoH2:133] Iniciando una operacion de buequeda total de los odontologos
[2022-11-17 16:23:26] [ INFO ] [OdontologoDaoH2:24] Se inicia la operacion de guardado de Damian
[2022-11-17 16:23:29] [ INFO ] [OdontologoDaoH2:133] Iniciando una operacion de buequeda total de los odontologos
[2022-11-17 16:23:32] [ INFO ] [OdontologoDaoH2:133] Iniciando una operacion de buequeda total de los odontologos
[2022-11-17 16:25:22] [ INFO ] [OdontologoDaoH2:133] Iniciando una operacion de buequeda total de los odontologos
[2022-11-17 16:28:14] [ INFO ] [OdontologoDaoH2:133] Iniciando una operacion de buequeda total de los odontologos
[2022-11-17 16:28:25] [ INFO ] [OdontologoDaoH2:24] Se inicia la operacion de guardado de Damian
[2022-11-17 16:28:28] [ INFO ] [OdontologoDaoH2:133] Iniciando una operacion de buequeda total de los odontologos
[2022-11-17 16:29:40] [ INFO ] [OdontologoDaoH2:24] Se inicia la operacion de guardado de Carlos
[2022-11-17 16:29:49] [ INFO ] [OdontologoDaoH2:24] Se inicia la operacion de guardado de dd
[2022-11-17 16:29:54] [ INFO ] [OdontologoDaoH2:133] Iniciando una operacion de buequeda total de los odontologos
[2022-11-17 16:31:57] [ INFO ] [OdontologoDaoH2:133] Iniciando una operacion de buequeda total de los odontologos
[2022-11-17 16:32:10] [ INFO ] [OdontologoDaoH2:24] Se inicia la operacion de guardado de Damian
[2022-11-17 16:32:15] [ INFO ] [OdontologoDaoH2:24] Se inicia la operacion de guardado de Carlos
[2022-11-17 16:32:23] [ INFO ] [OdontologoDaoH2:24] Se inicia la operacion de guardado de dd
[2022-11-17 16:32:26] [ INFO ] [OdontologoDaoH2:133] Iniciando una operacion de buequeda total de los odontologos
[2022-11-17 16:49:01] [ INFO ] [OdontologoDaoH2:133] Iniciando una operacion de buequeda total de los odontologos
[2022-11-17 16:50:17] [ INFO ] [OdontologoDaoH2:133] Iniciando una operacion de buequeda total de los odontologos
[2022-11-17 17:23:32] [ INFO ] [OdontologoDaoH2:54] Se inicia la operacion de guardado de ''  con id= 1
[2022-11-17 17:23:32] [ INFO ] [OdontologoDaoH2:54] Se inicia la operacion de guardado de ''  con id= 1
[2022-11-17 17:25:51] [ INFO ] [OdontologoDaoH2:54] Se inicia la operacion de busqueda  con id= 1
[2022-11-17 17:25:52] [ INFO ] [OdontologoDaoH2:54] Se inicia la operacion de busqueda  con id= 1
[2022-11-17 17:33:32] [ INFO ] [OdontologoDaoH2:54] Se inicia la operacion de busqueda del odontologo con id= 1
[2022-11-17 17:33:33] [ INFO ] [OdontologoDaoH2:54] Se inicia la operacion de busqueda del odontologo con id= 1
[2022-11-17 17:39:26] [ INFO ] [OdontologoDaoH2:54] Se inicia la operacion de busqueda del odontologo con id= 1
[2022-11-17 17:39:26] [ INFO ] [OdontologoDaoH2:54] Se inicia la operacion de busqueda del odontologo con id= 1
[2022-11-17 17:50:16] [ INFO ] [OdontologoDaoH2:54] Se inicia la operacion de busqueda del odontologo con id= 1
[2022-11-17 17:50:16] [ INFO ] [OdontologoDaoH2:54] Se inicia la operacion de busqueda del odontologo con id= 1
[2022-11-17 17:52:26] [ INFO ] [OdontologoDaoH2:54] Se inicia la operacion de busqueda del odontologo con id= 1
[2022-11-17 17:52:27] [ INFO ] [OdontologoDaoH2:54] Se inicia la operacion de busqueda del odontologo con id= 1
[2022-11-17 17:58:33] [ INFO ] [OdontologoDaoH2:54] Se inicia la operacion de busqueda del odontologo con id= 1
[2022-11-17 17:58:33] [ INFO ] [OdontologoDaoH2:54] Se inicia la operacion de busqueda del odontologo con id= 1
[2022-11-17 17:59:38] [ INFO ] [OdontologoDaoH2:133] Iniciando una operacion de buequeda total de los odontologos
[2022-11-17 17:59:54] [ INFO ] [OdontologoDaoH2:54] Se inicia la operacion de busqueda del odontologo con id= 1
[2022-11-17 17:59:54] [ INFO ] [OdontologoDaoH2:54] Se inicia la operacion de busqueda del odontologo con id= 1
[2022-11-17 18:21:42] [ INFO ] [OdontologoDaoH2:24] Se inicia la operacion de guardado de Damian
[2022-11-17 18:21:58] [ INFO ] [OdontologoDaoH2:133] Iniciando una operacion de buequeda total de los odontologos
[2022-11-17 18:22:22] [ INFO ] [OdontologoDaoH2:54] Se inicia la operacion de busqueda del odontologo con id= 1
[2022-11-17 18:22:22] [ INFO ] [OdontologoDaoH2:54] Se inicia la operacion de busqueda del odontologo con id= 1
[2022-11-17 19:00:26] [ INFO ] [OdontologoDaoH2:54] Se inicia la operacion de busqueda del odontologo con id= 1
[2022-11-17 19:00:26] [ INFO ] [OdontologoDaoH2:54] Se inicia la operacion de busqueda del odontologo con id= 1
[2022-11-17 19:03:07] [ INFO ] [OdontologoDaoH2:54] Se inicia la operacion de busqueda del odontologo con id= 1
[2022-11-17 19:03:07] [ INFO ] [OdontologoDaoH2:54] Se inicia la operacion de busqueda del odontologo con id= 1
[2022-11-17 19:09:06] [ INFO ] [OdontologoDaoH2:54] Se inicia la operacion de busqueda del odontologo con id= 1
[2022-11-17 19:09:06] [ INFO ] [OdontologoDaoH2:54] Se inicia la operacion de busqueda del odontologo con id= 1
[2022-11-17 19:10:43] [ INFO ] [OdontologoDaoH2:54] Se inicia la operacion de busqueda del odontologo con id= 1
[2022-11-17 19:10:43] [ INFO ] [OdontologoDaoH2:54] Se inicia la operacion de busqueda del odontologo con id= 1
[2022-11-17 19:15:39] [ INFO ] [OdontologoDaoH2:54] Se inicia la operacion de busqueda del odontologo con id= 1
[2022-11-17 19:15:39] [ INFO ] [OdontologoDaoH2:54] Se inicia la operacion de busqueda del odontologo con id= 1
[2022-11-17 19:17:10] [ INFO ] [OdontologoDaoH2:54] Se inicia la operacion de busqueda del odontologo con id= 1
[2022-11-17 19:17:10] [ INFO ] [OdontologoDaoH2:54] Se inicia la operacion de busqueda del odontologo con id= 1
[2022-11-17 19:18:26] [ INFO ] [OdontologoDaoH2:54] Se inicia la operacion de busqueda del odontologo con id= 1
[2022-11-17 19:18:26] [ INFO ] [OdontologoDaoH2:54] Se inicia la operacion de busqueda del odontologo con id= 1
[2022-11-17 19:19:20] [ INFO ] [OdontologoDaoH2:133] Iniciando una operacion de buequeda total de los odontologos
[2022-11-17 19:20:39] [ INFO ] [OdontologoDaoH2:133] Iniciando una operacion de buequeda total de los odontologos
[2022-11-17 21:17:03] [ INFO ] [OdontologoDaoH2:133] Iniciando una operacion de buequeda total de los odontologos
[2022-11-17 21:17:08] [ INFO ] [OdontologoDaoH2:54] Se inicia la operacion de busqueda del odontologo con id= 1
[2022-11-17 21:17:08] [ INFO ] [OdontologoDaoH2:54] Se inicia la operacion de busqueda del odontologo con id= 1
[2022-11-17 21:24:38] [ INFO ] [OdontologoDaoH2:54] Se inicia la operacion de busqueda del odontologo con id= 1
[2022-11-17 21:24:39] [ INFO ] [OdontologoDaoH2:54] Se inicia la operacion de busqueda del odontologo con id= 1
[2022-11-17 21:26:16] [ INFO ] [OdontologoDaoH2:54] Se inicia la operacion de busqueda del odontologo con id= 1
[2022-11-17 21:26:16] [ INFO ] [OdontologoDaoH2:54] Se inicia la operacion de busqueda del odontologo con id= 1
[2022-11-17 21:27:10] [ INFO ] [OdontologoDaoH2:54] Se inicia la operacion de busqueda del odontologo con id= 1
[2022-11-17 21:27:11] [ INFO ] [OdontologoDaoH2:54] Se inicia la operacion de busqueda del odontologo con id= 1
[2022-11-17 21:28:41] [ INFO ] [OdontologoDaoH2:133] Iniciando una operacion de buequeda total de los odontologos
[2022-11-17 21:28:49] [ INFO ] [OdontologoDaoH2:133] Iniciando una operacion de buequeda total de los odontologos
[2022-11-17 21:29:03] [ INFO ] [OdontologoDaoH2:133] Iniciando una operacion de buequeda total de los odontologos
[2022-11-17 21:29:33] [ INFO ] [OdontologoDaoH2:133] Iniciando una operacion de buequeda total de los odontologos
[2022-11-17 21:29:34] [ INFO ] [OdontologoDaoH2:133] Iniciando una operacion de buequeda total de los odontologos
[2022-11-17 21:29:34] [ INFO ] [OdontologoDaoH2:133] Iniciando una operacion de buequeda total de los odontologos
[2022-11-17 21:29:35] [ INFO ] [OdontologoDaoH2:133] Iniciando una operacion de buequeda total de los odontologos
[2022-11-17 21:29:39] [ INFO ] [OdontologoDaoH2:133] Iniciando una operacion de buequeda total de los odontologos
[2022-11-17 21:30:47] [ INFO ] [OdontologoDaoH2:133] Iniciando una operacion de buequeda total de los odontologos
[2022-11-17 21:31:19] [ INFO ] [OdontologoDaoH2:54] Se inicia la operacion de busqueda del odontologo con id= 1
[2022-11-17 21:31:20] [ INFO ] [OdontologoDaoH2:54] Se inicia la operacion de busqueda del odontologo con id= 1
[2022-11-17 21:33:22] [ INFO ] [OdontologoDaoH2:54] Se inicia la operacion de busqueda del odontologo con id= 1
[2022-11-17 21:33:22] [ INFO ] [OdontologoDaoH2:54] Se inicia la operacion de busqueda del odontologo con id= 1
[2022-11-17 21:34:13] [ INFO ] [OdontologoDaoH2:54] Se inicia la operacion de busqueda del odontologo con id= 1
[2022-11-17 21:34:13] [ INFO ] [OdontologoDaoH2:54] Se inicia la operacion de busqueda del odontologo con id= 1
[2022-11-17 21:35:05] [ INFO ] [OdontologoDaoH2:133] Iniciando una operacion de buequeda total de los odontologos
[2022-11-17 21:36:11] [ INFO ] [OdontologoDaoH2:133] Iniciando una operacion de buequeda total de los odontologos
[2022-11-17 21:38:50] [ INFO ] [OdontologoDaoH2:133] Iniciando una operacion de buequeda total de los odontologos
[2022-11-17 21:40:35] [ INFO ] [OdontologoDaoH2:133] Iniciando una operacion de buequeda total de los odontologos
[2022-11-17 21:40:53] [ INFO ] [OdontologoDaoH2:54] Se inicia la operacion de busqueda del odontologo con id= 1
[2022-11-17 21:40:54] [ INFO ] [OdontologoDaoH2:54] Se inicia la operacion de busqueda del odontologo con id= 1
[2022-11-17 21:42:39] [ INFO ] [OdontologoDaoH2:133] Iniciando una operacion de buequeda total de los odontologos
[2022-11-17 21:43:49] [ INFO ] [OdontologoDaoH2:133] Iniciando una operacion de buequeda total de los odontologos
[2022-11-17 21:47:57] [ INFO ] [OdontologoDaoH2:54] Se inicia la operacion de busqueda del odontologo con id= 1
[2022-11-17 21:47:57] [ INFO ] [OdontologoDaoH2:54] Se inicia la operacion de busqueda del odontologo con id= 1
[2022-11-17 21:49:09] [ INFO ] [OdontologoDaoH2:54] Se inicia la operacion de busqueda del odontologo con id= 1
[2022-11-17 21:49:10] [ INFO ] [OdontologoDaoH2:54] Se inicia la operacion de busqueda del odontologo con id= 1
[2022-11-18 11:49:36] [ INFO ] [OdontologoDaoH2:25] Se inicia la operacion de guardado de Damian
[2022-11-18 11:49:41] [ INFO ] [OdontologoDaoH2:25] Se inicia la operacion de guardado de Carlos
[2022-11-18 11:49:48] [ INFO ] [OdontologoDaoH2:25] Se inicia la operacion de guardado de Damian
[2022-11-18 11:49:58] [ INFO ] [OdontologoDaoH2:134] Iniciando una operacion de buequeda total de los odontologos
[2022-11-18 11:50:09] [ INFO ] [OdontologoDaoH2:55] Se inicia la operacion de busqueda del odontologo con id= 2
[2022-11-18 11:50:10] [ INFO ] [OdontologoDaoH2:55] Se inicia la operacion de busqueda del odontologo con id= 2
[2022-11-18 12:13:23] [ INFO ] [OdontologoDaoH2:134] Iniciando una operacion de buequeda total de los odontologos
[2022-11-18 12:13:26] [ INFO ] [OdontologoDaoH2:134] Iniciando una operacion de buequeda total de los odontologos
[2022-11-18 12:13:35] [ INFO ] [OdontologoDaoH2:25] Se inicia la operacion de guardado de Damian
[2022-11-18 12:13:40] [ INFO ] [OdontologoDaoH2:25] Se inicia la operacion de guardado de Carlos
[2022-11-18 12:13:46] [ INFO ] [OdontologoDaoH2:25] Se inicia la operacion de guardado de dd
[2022-11-18 12:13:48] [ INFO ] [OdontologoDaoH2:134] Iniciando una operacion de buequeda total de los odontologos
[2022-11-18 12:13:51] [ INFO ] [OdontologoDaoH2:134] Iniciando una operacion de buequeda total de los odontologos
[2022-11-18 12:14:54] [ INFO ] [OdontologoDaoH2:134] Iniciando una operacion de buequeda total de los odontologos
[2022-11-18 12:15:07] [ INFO ] [OdontologoDaoH2:25] Se inicia la operacion de guardado de Damian
[2022-11-18 12:15:10] [ INFO ] [OdontologoDaoH2:25] Se inicia la operacion de guardado de Carlos
[2022-11-18 12:15:16] [ INFO ] [OdontologoDaoH2:25] Se inicia la operacion de guardado de dd
[2022-11-18 12:15:27] [ INFO ] [OdontologoDaoH2:25] Se inicia la operacion de guardado de cccc
[2022-11-18 12:15:30] [ INFO ] [OdontologoDaoH2:134] Iniciando una operacion de buequeda total de los odontologos
[2022-11-18 12:15:36] [ INFO ] [OdontologoDaoH2:134] Iniciando una operacion de buequeda total de los odontologos
[2022-11-18 12:15:39] [ INFO ] [OdontologoDaoH2:134] Iniciando una operacion de buequeda total de los odontologos
[2022-11-18 12:21:25] [ INFO ] [OdontologoDaoH2:25] Se inicia la operacion de guardado de Damian
[2022-11-18 12:21:30] [ INFO ] [OdontologoDaoH2:25] Se inicia la operacion de guardado de Carlos
[2022-11-18 12:21:36] [ INFO ] [OdontologoDaoH2:25] Se inicia la operacion de guardado de Damian
[2022-11-18 12:21:42] [ INFO ] [OdontologoDaoH2:134] Iniciando una operacion de buequeda total de los odontologos
[2022-11-18 12:21:53] [ INFO ] [OdontologoDaoH2:134] Iniciando una operacion de buequeda total de los odontologos
[2022-11-18 12:28:37] [ INFO ] [OdontologoDaoH2:25] Se inicia la operacion de guardado de Damian
[2022-11-18 12:28:43] [ INFO ] [OdontologoDaoH2:25] Se inicia la operacion de guardado de Carlos
[2022-11-18 12:28:48] [ INFO ] [OdontologoDaoH2:25] Se inicia la operacion de guardado de Damian
[2022-11-18 12:30:28] [ INFO ] [OdontologoDaoH2:134] Iniciando una operacion de buequeda total de los odontologos
[2022-11-18 12:30:46] [ INFO ] [OdontologoDaoH2:55] Se inicia la operacion de busqueda del odontologo con id= 1
[2022-11-18 12:30:46] [ INFO ] [OdontologoDaoH2:111] Se inicia la operacion de eliminacion de ''  con id= 1
[2022-11-18 12:30:47] [ INFO ] [OdontologoDaoH2:134] Iniciando una operacion de buequeda total de los odontologos
[2022-11-18 12:31:09] [ INFO ] [OdontologoDaoH2:134] Iniciando una operacion de buequeda total de los odontologos
[2022-11-18 12:31:35] [ INFO ] [OdontologoDaoH2:55] Se inicia la operacion de busqueda del odontologo con id= 2
[2022-11-18 12:31:35] [ INFO ] [OdontologoDaoH2:55] Se inicia la operacion de busqueda del odontologo con id= 2
[2022-11-18 12:32:18] [ INFO ] [OdontologoDaoH2:55] Se inicia la operacion de busqueda del odontologo con id= 2
[2022-11-18 12:32:18] [ INFO ] [OdontologoDaoH2:55] Se inicia la operacion de busqueda del odontologo con id= 2
[2022-11-19 00:18:14] [ INFO ] [OdontologoDaoH2:25] Se inicia la operacion de guardado de Damian
[2022-11-19 00:18:19] [ INFO ] [OdontologoDaoH2:25] Se inicia la operacion de guardado de Carlos
[2022-11-19 00:18:31] [ INFO ] [OdontologoDaoH2:25] Se inicia la operacion de guardado de Natali
[2022-11-19 00:18:40] [ INFO ] [OdontologoDaoH2:134] Iniciando una operacion de buequeda total de los odontologos
[2022-11-19 00:18:45] [ INFO ] [OdontologoDaoH2:55] Se inicia la operacion de busqueda del odontologo con id= 2
[2022-11-19 00:18:45] [ INFO ] [OdontologoDaoH2:134] Iniciando una operacion de buequeda total de los odontologos
[2022-11-19 00:18:45] [ INFO ] [OdontologoDaoH2:111] Se inicia la operacion de eliminacion de ''  con id= 2
[2022-11-19 00:18:47] [ INFO ] [OdontologoDaoH2:134] Iniciando una operacion de buequeda total de los odontologos
[2022-11-19 00:22:20] [ INFO ] [OdontologoDaoH2:25] Se inicia la operacion de guardado de Damian
[2022-11-19 00:22:26] [ INFO ] [OdontologoDaoH2:25] Se inicia la operacion de guardado de Carlos
[2022-11-19 00:22:39] [ INFO ] [OdontologoDaoH2:25] Se inicia la operacion de guardado de Natali
[2022-11-19 00:22:43] [ INFO ] [OdontologoDaoH2:134] Iniciando una operacion de buequeda total de los odontologos
[2022-11-19 00:23:07] [ INFO ] [OdontologoDaoH2:55] Se inicia la operacion de busqueda del odontologo con id= 2
[2022-11-19 00:23:07] [ INFO ] [OdontologoDaoH2:85] Se inicia la operacion de actualizacion de con id=  2
[2022-11-19 00:23:13] [ INFO ] [OdontologoDaoH2:134] Iniciando una operacion de buequeda total de los odontologos
[2022-11-19 00:23:37] [ INFO ] [OdontologoDaoH2:55] Se inicia la operacion de busqueda del odontologo con id= 3
[2022-11-19 00:23:37] [ INFO ] [OdontologoDaoH2:134] Iniciando una operacion de buequeda total de los odontologos
[2022-11-19 00:23:37] [ INFO ] [OdontologoDaoH2:111] Se inicia la operacion de eliminacion de ''  con id= 3
[2022-11-19 00:23:39] [ INFO ] [OdontologoDaoH2:134] Iniciando una operacion de buequeda total de los odontologos
[2022-11-19 00:23:58] [ INFO ] [OdontologoDaoH2:55] Se inicia la operacion de busqueda del odontologo con id= 1
[2022-11-19 00:23:58] [ INFO ] [OdontologoDaoH2:55] Se inicia la operacion de busqueda del odontologo con id= 1
[2022-11-19 00:26:05] [ INFO ] [OdontologoDaoH2:55] Se inicia la operacion de busqueda del odontologo con id= 1
[2022-11-19 00:26:05] [ INFO ] [OdontologoDaoH2:55] Se inicia la operacion de busqueda del odontologo con id= 1
[2022-11-19 00:26:13] [ INFO ] [OdontologoDaoH2:55] Se inicia la operacion de busqueda del odontologo con id= 1
[2022-11-19 00:26:13] [ INFO ] [OdontologoDaoH2:55] Se inicia la operacion de busqueda del odontologo con id= 1
[2022-11-19 00:27:49] [ INFO ] [OdontologoDaoH2:55] Se inicia la operacion de busqueda del odontologo con id= 1
[2022-11-19 00:27:49] [ INFO ] [OdontologoDaoH2:55] Se inicia la operacion de busqueda del odontologo con id= 1
[2022-11-19 00:28:05] [ INFO ] [OdontologoDaoH2:55] Se inicia la operacion de busqueda del odontologo con id= 1
[2022-11-19 00:28:05] [ INFO ] [OdontologoDaoH2:55] Se inicia la operacion de busqueda del odontologo con id= 1
[2022-11-19 00:28:45] [ INFO ] [OdontologoDaoH2:55] Se inicia la operacion de busqueda del odontologo con id= 1
[2022-11-19 00:28:45] [ INFO ] [OdontologoDaoH2:55] Se inicia la operacion de busqueda del odontologo con id= 1
[2022-11-19 00:29:10] [ INFO ] [OdontologoDaoH2:55] Se inicia la operacion de busqueda del odontologo con id= 1
[2022-11-19 00:29:10] [ INFO ] [OdontologoDaoH2:55] Se inicia la operacion de busqueda del odontologo con id= 1
[2022-11-19 00:29:23] [ INFO ] [OdontologoDaoH2:55] Se inicia la operacion de busqueda del odontologo con id= 1
[2022-11-19 00:29:24] [ INFO ] [OdontologoDaoH2:55] Se inicia la operacion de busqueda del odontologo con id= 1
[2022-11-19 00:30:38] [ INFO ] [OdontologoDaoH2:55] Se inicia la operacion de busqueda del odontologo con id= 1
[2022-11-19 00:30:38] [ INFO ] [OdontologoDaoH2:55] Se inicia la operacion de busqueda del odontologo con id= 1
[2022-11-19 00:30:58] [ INFO ] [OdontologoDaoH2:55] Se inicia la operacion de busqueda del odontologo con id= 1
[2022-11-19 00:30:58] [ INFO ] [OdontologoDaoH2:55] Se inicia la operacion de busqueda del odontologo con id= 1
[2022-11-19 00:32:46] [ INFO ] [OdontologoDaoH2:55] Se inicia la operacion de busqueda del odontologo con id= 1
[2022-11-19 00:32:46] [ INFO ] [OdontologoDaoH2:55] Se inicia la operacion de busqueda del odontologo con id= 1
[2022-11-19 00:35:02] [ INFO ] [OdontologoDaoH2:55] Se inicia la operacion de busqueda del odontologo con id= 1
[2022-11-19 00:35:02] [ INFO ] [OdontologoDaoH2:55] Se inicia la operacion de busqueda del odontologo con id= 1
[2022-11-19 00:47:40] [ INFO ] [OdontologoDaoH2:55] Se inicia la operacion de busqueda del odontologo con id= 1
[2022-11-19 00:47:40] [ INFO ] [OdontologoDaoH2:55] Se inicia la operacion de busqueda del odontologo con id= 1
[2022-11-19 00:48:38] [ INFO ] [OdontologoDaoH2:25] Se inicia la operacion de guardado de damian
[2022-11-19 00:48:51] [ INFO ] [OdontologoDaoH2:25] Se inicia la operacion de guardado de carlos
[2022-11-19 00:48:56] [ INFO ] [OdontologoDaoH2:134] Iniciando una operacion de buequeda total de los odontologos
[2022-11-19 00:49:04] [ INFO ] [OdontologoDaoH2:55] Se inicia la operacion de busqueda del odontologo con id= 2
[2022-11-19 00:49:04] [ INFO ] [OdontologoDaoH2:134] Iniciando una operacion de buequeda total de los odontologos
[2022-11-19 00:49:04] [ INFO ] [OdontologoDaoH2:111] Se inicia la operacion de eliminacion del odontologo con id= 2
[2022-11-19 00:49:07] [ INFO ] [OdontologoDaoH2:134] Iniciando una operacion de buequeda total de los odontologos
[2022-11-19 00:49:30] [ INFO ] [OdontologoDaoH2:55] Se inicia la operacion de busqueda del odontologo con id= 3
[2022-11-19 00:49:31] [ INFO ] [OdontologoDaoH2:85] Se inicia la operacion de actualizacion del odontologo con id=  3
[2022-11-19 00:49:36] [ INFO ] [OdontologoDaoH2:134] Iniciando una operacion de buequeda total de los odontologos
[2022-11-19 00:49:46] [ INFO ] [OdontologoDaoH2:55] Se inicia la operacion de busqueda del odontologo con id= 1
[2022-11-19 00:49:46] [ INFO ] [OdontologoDaoH2:55] Se inicia la operacion de busqueda del odontologo con id= 1
[2022-11-19 00:52:20] [ INFO ] [OdontologoDaoH2:134] Iniciando una operacion de buequeda total de los odontologos
[2022-12-01 15:00:52] [ INFO ] [OdontologoService:23] se registro un odontologo con nombre: Damian
[2022-12-01 15:01:05] [ INFO ] [OdontologoService:43] Se realizo la busqueda de todos los odontologos
[2022-12-01 15:01:21] [ INFO ] [OdontologoService:28] Se busco un odontologo con ID: 1
[2022-12-01 15:01:21] [ INFO ] [OdontologoService:43] Se realizo la busqueda de todos los odontologos
[2022-12-01 15:01:21] [ WARN ] [OdontologoService:38] Se elimino el odontologo con iD: 1
[2022-12-01 15:01:23] [ INFO ] [OdontologoService:43] Se realizo la busqueda de todos los odontologos
[2022-12-01 15:01:51] [ INFO ] [PacienteService:47] se busco el paciente con correo: danimallopezzz@gmail.com
[2022-12-01 15:01:51] [ INFO ] [PacienteService:24] se registro un paciente con nombre: Damian
[2022-12-01 15:01:53] [ INFO ] [PacienteService:43] Se realizo la busqueda de todos los pacientes
[2022-12-01 15:01:55] [ INFO ] [PacienteService:29] Se busco un paciente con ID: 1
[2022-12-01 15:01:55] [ WARN ] [PacienteService:34] Se elimino el paciente con iD: 1
[2022-12-01 15:02:26] [ INFO ] [PacienteService:47] se busco el paciente con correo: damiancano1811@hotmail.com
[2022-12-01 15:02:26] [ INFO ] [PacienteService:24] se registro un paciente con nombre: Carlos
[2022-12-01 15:02:30] [ INFO ] [PacienteService:43] Se realizo la busqueda de todos los pacientes
[2022-12-02 12:00:02] [ INFO ] [OdontologoService:23] se registro un odontologo con nombre: Damian
[2022-12-02 12:00:04] [ INFO ] [OdontologoService:43] Se realizo la busqueda de todos los odontologos
[2022-12-02 12:00:10] [ INFO ] [OdontologoService:28] Se busco un odontologo con ID: 1
[2022-12-02 12:00:10] [ WARN ] [OdontologoService:38] Se elimino el odontologo con iD: 1
[2022-12-02 12:00:10] [ INFO ] [OdontologoService:43] Se realizo la busqueda de todos los odontologos
[2022-12-02 12:00:11] [ INFO ] [OdontologoService:43] Se realizo la busqueda de todos los odontologos
[2022-12-02 12:00:30] [ INFO ] [PacienteService:47] se busco el paciente con correo: damiancano1811@hotmail.com
[2022-12-02 12:00:30] [ INFO ] [PacienteService:24] se registro un paciente con nombre: Damian
[2022-12-02 12:00:33] [ INFO ] [PacienteService:43] Se realizo la busqueda de todos los pacientes
[2022-12-02 12:00:40] [ INFO ] [PacienteService:29] Se busco un paciente con ID: 1
[2022-12-02 12:00:40] [ WARN ] [PacienteService:34] Se elimino el paciente con iD: 1
[2022-12-02 12:00:54] [ INFO ] [OdontologoService:23] se registro un odontologo con nombre: Damian
[2022-12-02 12:00:56] [ INFO ] [OdontologoService:43] Se realizo la busqueda de todos los odontologos
[2022-12-02 12:01:08] [ INFO ] [OdontologoService:28] Se busco un odontologo con ID: 2
[2022-12-02 12:01:08] [ WARN ] [OdontologoService:33] Se actualizo el odontologo con iD: 2
[2022-12-02 12:01:11] [ INFO ] [OdontologoService:43] Se realizo la busqueda de todos los odontologos
[2022-12-02 12:01:22] [ INFO ] [OdontologoService:28] Se busco un odontologo con ID: 2
[2022-12-02 12:01:22] [ WARN ] [OdontologoService:38] Se elimino el odontologo con iD: 2
[2022-12-02 12:01:22] [ INFO ] [OdontologoService:43] Se realizo la busqueda de todos los odontologos
[2022-12-02 23:02:12] [ INFO ] [PacienteService:47] se busco el paciente con correo: damiancano1811@hotmail.com
[2022-12-02 23:02:13] [ INFO ] [PacienteService:24] se registro un paciente con nombre: Damian
[2022-12-02 23:02:16] [ INFO ] [PacienteService:43] Se realizo la busqueda de todos los pacientes
[2022-12-02 23:05:19] [ INFO ] [PacienteService:47] se busco el paciente con correo: damiancano1811@hotmail.com
[2022-12-02 23:05:19] [ INFO ] [PacienteService:24] se registro un paciente con nombre: Damian
[2022-12-02 23:05:22] [ INFO ] [PacienteService:43] Se realizo la busqueda de todos los pacientes
[2022-12-02 23:21:28] [ INFO ] [PacienteService:47] se busco el paciente con correo: damiancano1811@hotmail.com
[2022-12-02 23:21:29] [ INFO ] [PacienteService:24] se registro un paciente con nombre: Damian
[2022-12-02 23:21:32] [ INFO ] [PacienteService:43] Se realizo la busqueda de todos los pacientes
[2022-12-02 23:36:34] [ INFO ] [PacienteService:47] se busco el paciente con correo: damiancano1811@hotmail.com
[2022-12-02 23:36:34] [ INFO ] [PacienteService:24] se registro un paciente con nombre: Damian
[2022-12-02 23:36:37] [ INFO ] [PacienteService:43] Se realizo la busqueda de todos los pacientes
[2022-12-02 23:37:49] [ INFO ] [PacienteService:43] Se realizo la busqueda de todos los pacientes
[2022-12-02 23:38:05] [ INFO ] [PacienteService:47] se busco el paciente con correo: danimallopezzz@gmail.com
[2022-12-02 23:38:05] [ INFO ] [PacienteService:24] se registro un paciente con nombre: Damian
[2022-12-02 23:38:09] [ INFO ] [PacienteService:43] Se realizo la busqueda de todos los pacientes
[2022-12-02 23:38:16] [ INFO ] [PacienteService:43] Se realizo la busqueda de todos los pacientes
[2022-12-02 23:40:30] [ INFO ] [PacienteService:47] se busco el paciente con correo: damiancano1811@hotmail.com
[2022-12-02 23:40:31] [ INFO ] [PacienteService:24] se registro un paciente con nombre: Damian
[2022-12-02 23:40:33] [ INFO ] [PacienteService:43] Se realizo la busqueda de todos los pacientes
[2022-12-02 23:41:09] [ INFO ] [PacienteService:43] Se realizo la busqueda de todos los pacientes
[2022-12-02 23:46:52] [ INFO ] [PacienteService:47] se busco el paciente con correo: danimallopezzz@gmail.com
[2022-12-02 23:46:53] [ INFO ] [PacienteService:24] se registro un paciente con nombre: Damian
[2022-12-02 23:47:38] [ INFO ] [OdontologoService:23] se registro un odontologo con nombre: Damian
[2022-12-02 23:47:49] [ INFO ] [OdontologoService:28] Se busco un odontologo con ID: 1
[2022-12-02 23:47:49] [ WARN ] [OdontologoService:33] Se actualizo el odontologo con iD: 1
[2022-12-02 23:48:06] [ INFO ] [PacienteService:43] Se realizo la busqueda de todos los pacientes
[2022-12-02 23:48:09] [ INFO ] [PacienteService:29] Se busco un paciente con ID: 1
[2022-12-02 23:48:09] [ WARN ] [PacienteService:34] Se elimino el paciente con iD: 1
[2022-12-03 00:12:14] [ INFO ] [PacienteService:47] se busco el paciente con correo: danimallopezzz@gmail.com
[2022-12-03 00:12:14] [ INFO ] [PacienteService:24] se registro un paciente con nombre: Damian
[2022-12-03 00:12:17] [ INFO ] [PacienteService:43] Se realizo la busqueda de todos los pacientes
[2022-12-03 00:12:19] [ INFO ] [PacienteService:29] Se busco un paciente con ID: 1
[2022-12-03 00:12:40] [ INFO ] [PacienteService:29] Se busco un paciente con ID: 1
[2022-12-03 00:12:40] [ WARN ] [PacienteService:39] Se actualizo el paciente con iD: 1
[2022-12-03 00:12:40] [ INFO ] [PacienteService:43] Se realizo la busqueda de todos los pacientes
[2022-12-05 13:32:24] [ INFO ] [OdontologoService:23] se registro un odontologo con nombre: Damian
[2022-12-05 13:32:39] [ INFO ] [OdontologoService:43] Se realizo la busqueda de todos los odontologos
[2022-12-05 13:32:54] [ INFO ] [OdontologoService:28] Se busco un odontologo con ID: 1
[2022-12-05 13:32:54] [ WARN ] [OdontologoService:33] Se actualizo el odontologo con iD: 1
[2022-12-05 13:33:11] [ INFO ] [OdontologoService:43] Se realizo la busqueda de todos los odontologos
[2022-12-05 13:33:17] [ INFO ] [OdontologoService:28] Se busco un odontologo con ID: 1
[2022-12-05 13:33:17] [ WARN ] [OdontologoService:38] Se elimino el odontologo con iD: 1
[2022-12-05 13:33:17] [ INFO ] [OdontologoService:43] Se realizo la busqueda de todos los odontologos
[2022-12-05 13:33:41] [ INFO ] [PacienteService:47] se busco el paciente con correo: damiancano1811@hotmail.com
[2022-12-05 13:33:41] [ INFO ] [PacienteService:24] se registro un paciente con nombre: Damian
[2022-12-05 13:33:46] [ INFO ] [PacienteService:43] Se realizo la busqueda de todos los pacientes
[2022-12-05 13:33:50] [ INFO ] [PacienteService:29] Se busco un paciente con ID: 1
[2022-12-05 13:34:07] [ INFO ] [PacienteService:29] Se busco un paciente con ID: 1
[2022-12-05 13:34:07] [ WARN ] [PacienteService:39] Se actualizo el paciente con iD: 1
[2022-12-05 13:34:07] [ INFO ] [PacienteService:43] Se realizo la busqueda de todos los pacientes
[2022-12-05 13:34:12] [ INFO ] [PacienteService:29] Se busco un paciente con ID: 1
[2022-12-05 13:34:12] [ WARN ] [PacienteService:34] Se elimino el paciente con iD: 1
[2022-12-07 17:08:25] [ INFO ] [PacienteService:24] se registro un paciente con nombre: Rodolfo
[2022-12-07 17:08:25] [ INFO ] [OdontologoService:23] se registro un odontologo con nombre: Ezequiel
[2022-12-07 17:08:25] [ INFO ] [TurnoService:60] se registro un turno para el paciente con ID: 1
[2022-12-07 17:08:25] [ INFO ] [TurnoService:28] Se realizo la busqueda de todos los turnos
[2022-12-09 12:21:48] [ INFO ] [PacienteService:24] se registro un paciente con nombre: Rodolfo
[2022-12-09 12:21:48] [ INFO ] [OdontologoService:23] se registro un odontologo con nombre: Ezequiel
[2022-12-09 12:21:48] [ INFO ] [TurnoService:60] se registro un turno para el paciente con ID: 1
[2022-12-09 12:21:48] [ INFO ] [TurnoService:28] Se realizo la busqueda de todos los turnos
[2022-12-09 12:24:03] [ INFO ] [UsuarioService:25] Se busca un usuario con email: rebaspineiro@gmail.com
[2022-12-09 12:26:34] [ INFO ] [UsuarioService:25] Se busca un usuario con email: damiancano1811@hotmail.com
[2022-12-09 12:29:56] [ INFO ] [UsuarioService:25] Se busca un usuario con email: damiancano1811@hotmail.com
[2022-12-09 12:30:06] [ INFO ] [OdontologoService:23] se registro un odontologo con nombre: Damian
[2022-12-09 12:30:08] [ INFO ] [OdontologoService:43] Se realizo la busqueda de todos los odontologos
[2022-12-09 12:30:41] [ INFO ] [PacienteService:47] se busco el paciente con correo: damiancano1811@hotmail.com
[2022-12-09 12:30:41] [ INFO ] [PacienteService:24] se registro un paciente con nombre: Carlos
[2022-12-09 12:30:43] [ INFO ] [PacienteService:43] Se realizo la busqueda de todos los pacientes
[2022-12-09 12:31:03] [ INFO ] [TurnoService:28] Se realizo la busqueda de todos los turnos
[2022-12-09 12:31:06] [ INFO ] [TurnoService:28] Se realizo la busqueda de todos los turnos
[2022-12-09 12:36:43] [ INFO ] [UsuarioService:25] Se busca un usuario con email: damiancano1811@hotmail.com
[2022-12-09 12:36:51] [ INFO ] [OdontologoService:23] se registro un odontologo con nombre: Damian
[2022-12-09 12:36:54] [ INFO ] [OdontologoService:43] Se realizo la busqueda de todos los odontologos
[2022-12-09 12:37:03] [ INFO ] [OdontologoService:23] se registro un odontologo con nombre: Natali
[2022-12-09 12:37:05] [ INFO ] [OdontologoService:43] Se realizo la busqueda de todos los odontologos
[2022-12-09 12:37:22] [ INFO ] [PacienteService:47] se busco el paciente con correo: danimallopezzz@gmail.com
[2022-12-09 12:37:22] [ INFO ] [PacienteService:24] se registro un paciente con nombre: Carlos
[2022-12-09 12:37:24] [ INFO ] [PacienteService:43] Se realizo la busqueda de todos los pacientes
[2022-12-09 12:37:45] [ INFO ] [PacienteService:47] se busco el paciente con correo: damiancano1811@hotmail.com
[2022-12-09 12:37:45] [ INFO ] [PacienteService:24] se registro un paciente con nombre: Damian
[2022-12-09 12:37:47] [ INFO ] [PacienteService:43] Se realizo la busqueda de todos los pacientes
[2022-12-09 12:38:05] [ INFO ] [TurnoService:28] Se realizo la busqueda de todos los turnos
[2022-12-09 12:38:12] [ INFO ] [TurnoService:28] Se realizo la busqueda de todos los turnos
[2022-12-09 12:43:27] [ INFO ] [UsuarioService:25] Se busca un usuario con email: damiancano1811@hotmail.com
[2022-12-09 12:43:41] [ INFO ] [OdontologoService:23] se registro un odontologo con nombre: Carlos
[2022-12-09 12:43:54] [ INFO ] [OdontologoService:23] se registro un odontologo con nombre: Natali
[2022-12-09 12:43:57] [ INFO ] [OdontologoService:43] Se realizo la busqueda de todos los odontologos
[2022-12-09 12:44:14] [ INFO ] [PacienteService:47] se busco el paciente con correo: carlos.cano@prebel.com.co
[2022-12-09 12:44:14] [ INFO ] [PacienteService:24] se registro un paciente con nombre: Damian
[2022-12-09 12:44:42] [ INFO ] [PacienteService:47] se busco el paciente con correo: damiancano1811@yoopmail.com
[2022-12-09 12:44:42] [ INFO ] [PacienteService:24] se registro un paciente con nombre: Carlos
[2022-12-09 12:44:56] [ INFO ] [TurnoService:28] Se realizo la busqueda de todos los turnos
[2022-12-09 12:53:42] [ INFO ] [UsuarioService:25] Se busca un usuario con email: damiancano1811@hotmail.com
[2022-12-09 12:55:06] [ INFO ] [OdontologoService:23] se registro un odontologo con nombre: Natali
[2022-12-09 12:55:11] [ INFO ] [OdontologoService:23] se registro un odontologo con nombre: Carlos
[2022-12-09 12:55:28] [ INFO ] [PacienteService:47] se busco el paciente con correo: danimallopezzz@gmail.com
[2022-12-09 12:55:28] [ INFO ] [PacienteService:24] se registro un paciente con nombre: Damian
[2022-12-09 12:55:48] [ INFO ] [PacienteService:47] se busco el paciente con correo: damiancano1811@hotmail.com
[2022-12-09 12:55:48] [ INFO ] [PacienteService:24] se registro un paciente con nombre: dd
[2022-12-09 12:56:00] [ INFO ] [TurnoService:28] Se realizo la busqueda de todos los turnos
[2022-12-09 12:56:03] [ INFO ] [TurnoService:28] Se realizo la busqueda de todos los turnos
[2022-12-09 12:56:07] [ INFO ] [PacienteService:43] Se realizo la busqueda de todos los pacientes
[2022-12-09 12:56:10] [ INFO ] [OdontologoService:43] Se realizo la busqueda de todos los odontologos
[2022-12-09 12:56:14] [ INFO ] [TurnoService:28] Se realizo la busqueda de todos los turnos
[2022-12-09 13:15:31] [ INFO ] [UsuarioService:25] Se busca un usuario con email: damiancano1811@hotmail.com
[2022-12-09 13:15:33] [ INFO ] [OdontologoService:43] Se realizo la busqueda de todos los odontologos
[2022-12-09 13:15:41] [ INFO ] [OdontologoService:23] se registro un odontologo con nombre: Carlos
[2022-12-09 13:15:46] [ INFO ] [OdontologoService:23] se registro un odontologo con nombre: Natali
[2022-12-09 13:16:02] [ INFO ] [PacienteService:47] se busco el paciente con correo: danimallopezzz@gmail.com
[2022-12-09 13:16:02] [ INFO ] [PacienteService:24] se registro un paciente con nombre: Damian
[2022-12-09 13:16:20] [ INFO ] [PacienteService:47] se busco el paciente con correo: damiancano1811@hotmail.com
[2022-12-09 13:16:20] [ INFO ] [PacienteService:24] se registro un paciente con nombre: dd
[2022-12-09 13:19:45] [ INFO ] [UsuarioService:25] Se busca un usuario con email: damiancano1811@hotmail.com
[2022-12-09 13:19:54] [ INFO ] [OdontologoService:23] se registro un odontologo con nombre: Carlos
[2022-12-09 13:19:59] [ INFO ] [OdontologoService:23] se registro un odontologo con nombre: Natali
[2022-12-09 13:20:01] [ INFO ] [OdontologoService:43] Se realizo la busqueda de todos los odontologos
[2022-12-09 13:20:22] [ INFO ] [PacienteService:47] se busco el paciente con correo: damiancano1811@hotmail.com
[2022-12-09 13:20:22] [ INFO ] [PacienteService:24] se registro un paciente con nombre: Damian
[2022-12-09 13:20:43] [ INFO ] [PacienteService:47] se busco el paciente con correo: carlos.cano@prebel.com.co
[2022-12-09 13:20:43] [ INFO ] [PacienteService:24] se registro un paciente con nombre: dd
[2022-12-09 13:20:45] [ INFO ] [PacienteService:43] Se realizo la busqueda de todos los pacientes
[2022-12-09 13:20:58] [ INFO ] [OdontologoService:28] Se busco un odontologo con ID: 2
[2022-12-09 13:20:58] [ INFO ] [PacienteService:29] Se busco un paciente con ID: 1
[2022-12-09 13:20:58] [ INFO ] [TurnoService:60] se registro un turno para el paciente con ID: 1
[2022-12-09 13:21:01] [ INFO ] [TurnoService:28] Se realizo la busqueda de todos los turnos
[2022-12-09 13:21:29] [ INFO ] [OdontologoService:28] Se busco un odontologo con ID: 1
[2022-12-09 13:21:29] [ INFO ] [PacienteService:29] Se busco un paciente con ID: 2
[2022-12-09 13:21:29] [ INFO ] [TurnoService:60] se registro un turno para el paciente con ID: 2
[2022-12-09 13:21:38] [ INFO ] [TurnoService:28] Se realizo la busqueda de todos los turnos
[2022-12-09 13:22:36] [ INFO ] [PacienteService:43] Se realizo la busqueda de todos los pacientes
[2022-12-09 13:25:31] [ INFO ] [UsuarioService:25] Se busca un usuario con email: damiancano1811@hotmail.com
[2022-12-09 13:25:41] [ INFO ] [OdontologoService:23] se registro un odontologo con nombre: Carlos
[2022-12-09 13:25:47] [ INFO ] [OdontologoService:23] se registro un odontologo con nombre: Natali
[2022-12-09 13:26:02] [ INFO ] [PacienteService:47] se busco el paciente con correo: damiancano1811@hotmail.com
[2022-12-09 13:26:02] [ INFO ] [PacienteService:24] se registro un paciente con nombre: Damian
[2022-12-09 13:26:20] [ INFO ] [PacienteService:47] se busco el paciente con correo: danimallopezzz@gmail.com
[2022-12-09 13:26:20] [ INFO ] [PacienteService:24] se registro un paciente con nombre: Laura
[2022-12-09 13:26:33] [ INFO ] [OdontologoService:28] Se busco un odontologo con ID: 1
[2022-12-09 13:26:33] [ INFO ] [PacienteService:29] Se busco un paciente con ID: 2
[2022-12-09 13:26:33] [ INFO ] [TurnoService:60] se registro un turno para el paciente con ID: 2
[2022-12-09 13:26:43] [ INFO ] [OdontologoService:28] Se busco un odontologo con ID: 2
[2022-12-09 13:26:43] [ INFO ] [PacienteService:29] Se busco un paciente con ID: 1
[2022-12-09 13:26:43] [ INFO ] [TurnoService:60] se registro un turno para el paciente con ID: 1
[2022-12-09 13:26:45] [ INFO ] [TurnoService:28] Se realizo la busqueda de todos los turnos
[2022-12-09 13:26:57] [ INFO ] [TurnoService:40] Se busco un turno con ID: 1
[2022-12-09 13:27:07] [ INFO ] [TurnoService:40] Se busco un turno con ID: 1
[2022-12-09 13:28:55] [ INFO ] [TurnoService:40] Se busco un turno con ID: 1
[2022-12-09 13:28:55] [ WARN ] [TurnoService:52] Se elimino el turno con iD: 1
[2022-12-09 13:33:01] [ INFO ] [UsuarioService:25] Se busca un usuario con email: damiancano1811@hotmail.com
[2022-12-09 13:33:08] [ INFO ] [OdontologoService:23] se registro un odontologo con nombre: Carlos
[2022-12-09 13:33:13] [ INFO ] [OdontologoService:23] se registro un odontologo con nombre: Natali
[2022-12-09 13:33:27] [ INFO ] [PacienteService:47] se busco el paciente con correo: damiancano1811@hotmail.com
[2022-12-09 13:33:27] [ INFO ] [PacienteService:24] se registro un paciente con nombre: Damian
[2022-12-09 13:33:50] [ INFO ] [PacienteService:47] se busco el paciente con correo: danimallopezzz@gmail.com
[2022-12-09 13:33:50] [ INFO ] [PacienteService:24] se registro un paciente con nombre: Laura
[2022-12-09 13:34:01] [ INFO ] [OdontologoService:28] Se busco un odontologo con ID: 2
[2022-12-09 13:34:01] [ INFO ] [PacienteService:29] Se busco un paciente con ID: 1
[2022-12-09 13:34:01] [ INFO ] [TurnoService:60] se registro un turno para el paciente con ID: 1
[2022-12-09 13:34:07] [ INFO ] [OdontologoService:28] Se busco un odontologo con ID: 1
[2022-12-09 13:34:07] [ INFO ] [PacienteService:29] Se busco un paciente con ID: 2
[2022-12-09 13:34:07] [ INFO ] [TurnoService:60] se registro un turno para el paciente con ID: 2
[2022-12-09 13:34:09] [ INFO ] [TurnoService:28] Se realizo la busqueda de todos los turnos
[2022-12-09 13:34:11] [ INFO ] [TurnoService:40] Se busco un turno con ID: 1
[2022-12-09 13:34:27] [ INFO ] [TurnoService:40] Se busco un turno con ID: 2
[2022-12-09 13:34:27] [ WARN ] [TurnoService:56] Se actualizo el turno con iD: 2
[2022-12-09 13:34:27] [ INFO ] [TurnoService:28] Se realizo la busqueda de todos los turnos
[2022-12-09 13:34:29] [ INFO ] [TurnoService:40] Se busco un turno con ID: 2
[2022-12-09 13:34:37] [ INFO ] [TurnoService:40] Se busco un turno con ID: 2
[2022-12-09 13:34:37] [ WARN ] [TurnoService:56] Se actualizo el turno con iD: 2
[2022-12-09 13:34:37] [ INFO ] [TurnoService:28] Se realizo la busqueda de todos los turnos
[2022-12-09 13:35:44] [ INFO ] [UsuarioService:25] Se busca un usuario con email: rebaspineiro@gmail.com
[2022-12-09 13:35:56] [ INFO ] [TurnoService:28] Se realizo la busqueda de todos los turnos
[2022-12-09 13:35:59] [ INFO ] [TurnoService:40] Se busco un turno con ID: 1
[2022-12-09 13:36:02] [ INFO ] [TurnoService:40] Se busco un turno con ID: 2
[2022-12-09 13:36:02] [ WARN ] [TurnoService:52] Se elimino el turno con iD: 2
[2022-12-09 13:36:04] [ INFO ] [TurnoService:28] Se realizo la busqueda de todos los turnos
[2022-12-09 13:36:07] [ INFO ] [TurnoService:28] Se realizo la busqueda de todos los turnos
[2022-12-09 13:39:27] [ INFO ] [OdontologoService:43] Se realizo la busqueda de todos los odontologos
[2022-12-09 13:39:35] [ INFO ] [PacienteService:43] Se realizo la busqueda de todos los pacientes
[2022-12-09 13:39:38] [ INFO ] [PacienteService:43] Se realizo la busqueda de todos los pacientes
[2022-12-09 13:39:46] [ INFO ] [TurnoService:28] Se realizo la busqueda de todos los turnos
[2022-12-09 13:39:56] [ INFO ] [TurnoService:28] Se realizo la busqueda de todos los turnos
[2022-12-09 13:39:59] [ INFO ] [TurnoService:28] Se realizo la busqueda de todos los turnos
[2022-12-09 13:40:10] [ INFO ] [TurnoService:28] Se realizo la busqueda de todos los turnos
[2022-12-09 13:40:11] [ INFO ] [PacienteService:43] Se realizo la busqueda de todos los pacientes
[2022-12-09 13:40:29] [ INFO ] [TurnoService:28] Se realizo la busqueda de todos los turnos
[2022-12-09 13:40:44] [ INFO ] [OdontologoService:28] Se busco un odontologo con ID: 2
[2022-12-09 13:40:44] [ INFO ] [PacienteService:29] Se busco un paciente con ID: 2
[2022-12-09 13:40:44] [ INFO ] [TurnoService:60] se registro un turno para el paciente con ID: 2
[2022-12-09 13:40:46] [ INFO ] [TurnoService:28] Se realizo la busqueda de todos los turnos
[2022-12-09 13:40:50] [ INFO ] [TurnoService:28] Se realizo la busqueda de todos los turnos
[2022-12-09 13:42:11] [ INFO ] [UsuarioService:25] Se busca un usuario con email: damiancano1811@hotmail.com
[2022-12-09 13:42:23] [ INFO ] [OdontologoService:23] se registro un odontologo con nombre: Carlos
[2022-12-09 13:42:29] [ INFO ] [OdontologoService:23] se registro un odontologo con nombre: Natali
[2022-12-09 13:42:44] [ INFO ] [PacienteService:47] se busco el paciente con correo: damiancano1811@hotmail.com
[2022-12-09 13:42:44] [ INFO ] [PacienteService:24] se registro un paciente con nombre: Damian
[2022-12-09 13:43:04] [ INFO ] [PacienteService:47] se busco el paciente con correo: carlos.cano@prebel.com.co
[2022-12-09 13:43:04] [ INFO ] [PacienteService:24] se registro un paciente con nombre: Laura
[2022-12-09 13:43:15] [ INFO ] [OdontologoService:28] Se busco un odontologo con ID: 2
[2022-12-09 13:43:15] [ INFO ] [PacienteService:29] Se busco un paciente con ID: 1
[2022-12-09 13:43:15] [ INFO ] [TurnoService:60] se registro un turno para el paciente con ID: 1
[2022-12-09 13:43:21] [ INFO ] [OdontologoService:28] Se busco un odontologo con ID: 1
[2022-12-09 13:43:21] [ INFO ] [PacienteService:29] Se busco un paciente con ID: 2
[2022-12-09 13:43:21] [ INFO ] [TurnoService:60] se registro un turno para el paciente con ID: 2
[2022-12-09 13:43:24] [ INFO ] [TurnoService:28] Se realizo la busqueda de todos los turnos
[2022-12-09 13:43:27] [ INFO ] [TurnoService:40] Se busco un turno con ID: 1
[2022-12-09 13:43:34] [ INFO ] [TurnoService:40] Se busco un turno con ID: 2
[2022-12-09 13:43:34] [ WARN ] [TurnoService:56] Se actualizo el turno con iD: 2
[2022-12-09 13:43:34] [ INFO ] [TurnoService:28] Se realizo la busqueda de todos los turnos
[2022-12-09 13:43:42] [ INFO ] [TurnoService:40] Se busco un turno con ID: 1
[2022-12-09 13:43:46] [ INFO ] [TurnoService:40] Se busco un turno con ID: 2
[2022-12-09 13:43:46] [ WARN ] [TurnoService:56] Se actualizo el turno con iD: 2
[2022-12-09 13:43:46] [ INFO ] [TurnoService:28] Se realizo la busqueda de todos los turnos
[2022-12-09 13:44:06] [ INFO ] [PacienteService:43] Se realizo la busqueda de todos los pacientes
[2022-12-09 13:44:08] [ INFO ] [PacienteService:29] Se busco un paciente con ID: 1
[2022-12-09 13:44:19] [ INFO ] [PacienteService:29] Se busco un paciente con ID: 1
[2022-12-09 13:44:19] [ WARN ] [PacienteService:39] Se actualizo el paciente con iD: 1
[2022-12-09 13:44:19] [ INFO ] [PacienteService:43] Se realizo la busqueda de todos los pacientes
[2022-12-09 13:44:22] [ INFO ] [TurnoService:28] Se realizo la busqueda de todos los turnos
[2022-12-09 13:44:29] [ INFO ] [TurnoService:40] Se busco un turno con ID: 1
[2022-12-09 13:44:49] [ INFO ] [TurnoService:40] Se busco un turno con ID: 1
[2022-12-09 13:44:51] [ INFO ] [TurnoService:40] Se busco un turno con ID: 2
[2022-12-09 13:44:58] [ INFO ] [TurnoService:40] Se busco un turno con ID: 2
[2022-12-09 13:44:58] [ WARN ] [TurnoService:56] Se actualizo el turno con iD: 2
[2022-12-09 13:44:58] [ INFO ] [TurnoService:28] Se realizo la busqueda de todos los turnos
[2022-12-09 13:45:02] [ INFO ] [TurnoService:40] Se busco un turno con ID: 1
[2022-12-09 13:45:05] [ INFO ] [TurnoService:28] Se realizo la busqueda de todos los turnos
[2022-12-09 13:45:07] [ INFO ] [TurnoService:40] Se busco un turno con ID: 2
[2022-12-09 13:45:08] [ INFO ] [TurnoService:40] Se busco un turno con ID: 1
[2022-12-09 13:45:10] [ INFO ] [PacienteService:43] Se realizo la busqueda de todos los pacientes
[2022-12-09 13:45:15] [ INFO ] [PacienteService:29] Se busco un paciente con ID: 1
[2022-12-09 13:45:15] [ WARN ] [PacienteService:34] Se elimino el paciente con iD: 1
[2022-12-09 13:50:31] [ INFO ] [UsuarioService:25] Se busca un usuario con email: damiancano1811@hotmail.com
[2022-12-09 13:50:40] [ INFO ] [OdontologoService:23] se registro un odontologo con nombre: Carlos
[2022-12-09 13:50:46] [ INFO ] [OdontologoService:23] se registro un odontologo con nombre: Natali
[2022-12-09 13:51:00] [ INFO ] [PacienteService:47] se busco el paciente con correo: damiancano1811@hotmail.com
[2022-12-09 13:51:00] [ INFO ] [PacienteService:24] se registro un paciente con nombre: Damian
[2022-12-09 13:51:18] [ INFO ] [PacienteService:47] se busco el paciente con correo: danimallopezzz@gmail.com
[2022-12-09 13:51:18] [ INFO ] [PacienteService:24] se registro un paciente con nombre: Laura
[2022-12-09 13:51:29] [ INFO ] [OdontologoService:28] Se busco un odontologo con ID: 2
[2022-12-09 13:51:29] [ INFO ] [PacienteService:29] Se busco un paciente con ID: 1
[2022-12-09 13:51:29] [ INFO ] [TurnoService:60] se registro un turno para el paciente con ID: 1
[2022-12-09 13:51:32] [ INFO ] [TurnoService:28] Se realizo la busqueda de todos los turnos
[2022-12-09 13:51:42] [ INFO ] [OdontologoService:28] Se busco un odontologo con ID: 1
[2022-12-09 13:51:42] [ INFO ] [PacienteService:29] Se busco un paciente con ID: 2
[2022-12-09 13:51:42] [ INFO ] [TurnoService:60] se registro un turno para el paciente con ID: 2
[2022-12-09 13:51:44] [ INFO ] [TurnoService:28] Se realizo la busqueda de todos los turnos
[2022-12-09 13:51:47] [ INFO ] [TurnoService:40] Se busco un turno con ID: 1
[2022-12-09 13:51:54] [ INFO ] [TurnoService:40] Se busco un turno con ID: 1
[2022-12-09 13:51:54] [ WARN ] [TurnoService:56] Se actualizo el turno con iD: 1
[2022-12-09 13:51:54] [ INFO ] [TurnoService:28] Se realizo la busqueda de todos los turnos
[2022-12-09 13:52:41] [ INFO ] [UsuarioService:25] Se busca un usuario con email: rebaspineiro@gmail.com
[2022-12-09 13:52:41] [ INFO ] [TurnoService:28] Se realizo la busqueda de todos los turnos
[2022-12-09 13:52:52] [ INFO ] [TurnoService:28] Se realizo la busqueda de todos los turnos
[2022-12-09 13:52:55] [ INFO ] [TurnoService:28] Se realizo la busqueda de todos los turnos
[2022-12-09 13:53:07] [ INFO ] [OdontologoService:28] Se busco un odontologo con ID: 1
[2022-12-09 13:53:07] [ INFO ] [PacienteService:29] Se busco un paciente con ID: 1
[2022-12-09 13:53:07] [ INFO ] [TurnoService:60] se registro un turno para el paciente con ID: 1
[2022-12-09 13:53:08] [ INFO ] [TurnoService:28] Se realizo la busqueda de todos los turnos
[2022-12-09 13:53:12] [ INFO ] [TurnoService:28] Se realizo la busqueda de todos los turnos
[2022-12-09 13:53:17] [ INFO ] [TurnoService:40] Se busco un turno con ID: 3
[2022-12-09 13:53:23] [ INFO ] [TurnoService:40] Se busco un turno con ID: 3
[2022-12-09 13:53:23] [ WARN ] [TurnoService:56] Se actualizo el turno con iD: 3
[2022-12-09 13:53:23] [ INFO ] [TurnoService:28] Se realizo la busqueda de todos los turnos
[2022-12-09 13:53:28] [ INFO ] [TurnoService:28] Se realizo la busqueda de todos los turnos
[2022-12-09 13:53:33] [ INFO ] [TurnoService:40] Se busco un turno con ID: 2
[2022-12-09 13:53:33] [ WARN ] [TurnoService:52] Se elimino el turno con iD: 2
[2022-12-09 13:53:35] [ INFO ] [TurnoService:28] Se realizo la busqueda de todos los turnos
[2022-12-09 13:56:35] [ INFO ] [OdontologoService:28] Se busco un odontologo con ID: 1
[2022-12-09 13:56:42] [ INFO ] [OdontologoService:28] Se busco un odontologo con ID: 1
[2022-12-09 13:57:02] [ INFO ] [OdontologoService:28] Se busco un odontologo con ID: 1
[2022-12-09 13:57:05] [ INFO ] [OdontologoService:28] Se busco un odontologo con ID: 2
[2022-12-09 13:57:07] [ INFO ] [OdontologoService:28] Se busco un odontologo con ID: 1
[2022-12-09 13:57:09] [ INFO ] [OdontologoService:28] Se busco un odontologo con ID: 1
[2022-12-09 13:58:24] [ INFO ] [TurnoService:28] Se realizo la busqueda de todos los turnos
[2022-12-09 13:58:28] [ INFO ] [TurnoService:28] Se realizo la busqueda de todos los turnos
[2022-12-11 17:38:57] [ INFO ] [UsuarioService:25] Se busca un usuario con email: damiancano1811@hotmail.com
[2022-12-11 17:39:08] [ INFO ] [OdontologoService:23] se registro un odontologo con nombre: Damian
[2022-12-11 17:39:10] [ INFO ] [OdontologoService:43] Se realizo la busqueda de todos los odontologos
[2022-12-11 17:39:12] [ INFO ] [OdontologoService:28] Se busco un odontologo con ID: 1
[2022-12-11 17:40:40] [ INFO ] [UsuarioService:25] Se busca un usuario con email: damiancano1811@hotmail.com
[2022-12-11 17:40:51] [ INFO ] [OdontologoService:23] se registro un odontologo con nombre: Damian
[2022-12-11 17:40:53] [ INFO ] [OdontologoService:43] Se realizo la busqueda de todos los odontologos
[2022-12-11 17:41:02] [ INFO ] [OdontologoService:23] se registro un odontologo con nombre: Natali
[2022-12-11 17:41:04] [ INFO ] [OdontologoService:43] Se realizo la busqueda de todos los odontologos
[2022-12-11 17:41:05] [ INFO ] [OdontologoService:28] Se busco un odontologo con ID: 1
[2022-12-11 17:41:10] [ INFO ] [OdontologoService:28] Se busco un odontologo con ID: 1
[2022-12-11 17:41:11] [ INFO ] [OdontologoService:28] Se busco un odontologo con ID: 2
[2022-12-11 17:41:15] [ INFO ] [OdontologoService:28] Se busco un odontologo con ID: 1
[2022-12-11 17:41:19] [ INFO ] [OdontologoService:28] Se busco un odontologo con ID: 2
[2022-12-11 17:41:19] [ WARN ] [OdontologoService:33] Se actualizo el odontologo con iD: 2
[2022-12-11 17:41:20] [ INFO ] [OdontologoService:43] Se realizo la busqueda de todos los odontologos
[2022-12-11 17:41:22] [ INFO ] [OdontologoService:28] Se busco un odontologo con ID: 1
[2022-12-11 17:41:27] [ INFO ] [OdontologoService:28] Se busco un odontologo con ID: 2
[2022-12-11 17:41:27] [ WARN ] [OdontologoService:33] Se actualizo el odontologo con iD: 2
[2022-12-11 17:41:27] [ INFO ] [OdontologoService:43] Se realizo la busqueda de todos los odontologos
[2022-12-11 17:41:54] [ INFO ] [PacienteService:47] se busco el paciente con correo: damiancano1811@hotmail.com
[2022-12-11 17:41:54] [ INFO ] [PacienteService:24] se registro un paciente con nombre: Carlos
[2022-12-11 17:42:04] [ INFO ] [OdontologoService:28] Se busco un odontologo con ID: 1
[2022-12-11 17:42:04] [ INFO ] [PacienteService:29] Se busco un paciente con ID: 1
[2022-12-11 17:42:04] [ INFO ] [TurnoService:60] se registro un turno para el paciente con ID: 1
[2022-12-11 17:42:06] [ INFO ] [TurnoService:28] Se realizo la busqueda de todos los turnos
[2022-12-11 17:42:07] [ INFO ] [TurnoService:40] Se busco un turno con ID: 1
[2022-12-11 17:42:17] [ INFO ] [OdontologoService:43] Se realizo la busqueda de todos los odontologos
[2022-12-11 17:44:01] [ INFO ] [OdontologoService:43] Se realizo la busqueda de todos los odontologos
[2022-12-11 17:44:02] [ INFO ] [OdontologoService:28] Se busco un odontologo con ID: 1
[2022-12-11 17:44:02] [ WARN ] [OdontologoService:38] Se elimino el odontologo con iD: 1
[2022-12-11 17:44:10] [ INFO ] [OdontologoService:28] Se busco un odontologo con ID: 2
[2022-12-11 17:44:10] [ WARN ] [OdontologoService:38] Se elimino el odontologo con iD: 2
[2022-12-11 17:44:45] [ INFO ] [TurnoService:28] Se realizo la busqueda de todos los turnos
[2022-12-11 17:44:46] [ INFO ] [TurnoService:40] Se busco un turno con ID: 1
[2022-12-11 17:44:46] [ WARN ] [TurnoService:52] Se elimino el turno con iD: 1
[2022-12-11 17:47:28] [ INFO ] [UsuarioService:25] Se busca un usuario con email: damiancano1811@hotmail.com
[2022-12-11 17:47:37] [ INFO ] [OdontologoService:23] se registro un odontologo con nombre: Damian
[2022-12-11 17:47:41] [ INFO ] [OdontologoService:43] Se realizo la busqueda de todos los odontologos
[2022-12-11 17:47:42] [ INFO ] [OdontologoService:28] Se busco un odontologo con ID: 1
[2022-12-11 17:47:48] [ INFO ] [OdontologoService:28] Se busco un odontologo con ID: 1
[2022-12-11 17:47:48] [ WARN ] [OdontologoService:33] Se actualizo el odontologo con iD: 1
[2022-12-11 17:47:49] [ INFO ] [OdontologoService:43] Se realizo la busqueda de todos los odontologos
[2022-12-11 17:47:58] [ INFO ] [OdontologoService:23] se registro un odontologo con nombre: Natali
[2022-12-11 17:48:00] [ INFO ] [OdontologoService:43] Se realizo la busqueda de todos los odontologos
[2022-12-11 17:48:02] [ INFO ] [OdontologoService:28] Se busco un odontologo con ID: 2
[2022-12-11 17:48:09] [ INFO ] [OdontologoService:28] Se busco un odontologo con ID: 2
[2022-12-11 17:48:09] [ WARN ] [OdontologoService:33] Se actualizo el odontologo con iD: 2
[2022-12-11 17:48:09] [ INFO ] [OdontologoService:43] Se realizo la busqueda de todos los odontologos
[2022-12-11 17:48:11] [ INFO ] [OdontologoService:28] Se busco un odontologo con ID: 1
[2022-12-11 17:48:15] [ INFO ] [OdontologoService:28] Se busco un odontologo con ID: 1
[2022-12-11 17:48:15] [ WARN ] [OdontologoService:33] Se actualizo el odontologo con iD: 1
[2022-12-11 17:48:15] [ INFO ] [OdontologoService:43] Se realizo la busqueda de todos los odontologos
[2022-12-11 17:48:38] [ INFO ] [PacienteService:47] se busco el paciente con correo: danimallopezzz@gmail.com
[2022-12-11 17:48:38] [ INFO ] [PacienteService:24] se registro un paciente con nombre: Damian
[2022-12-11 17:48:49] [ INFO ] [OdontologoService:28] Se busco un odontologo con ID: 2
[2022-12-11 17:48:49] [ INFO ] [PacienteService:29] Se busco un paciente con ID: 1
[2022-12-11 17:48:49] [ INFO ] [TurnoService:60] se registro un turno para el paciente con ID: 1
[2022-12-11 17:48:58] [ INFO ] [OdontologoService:28] Se busco un odontologo con ID: 1
[2022-12-11 17:48:58] [ INFO ] [PacienteService:29] Se busco un paciente con ID: 2
[2022-12-11 17:48:58] [ ERROR] [GlobalExceptions:25] Ocurrio un error: Error en el ingreso de datos
[2022-12-11 17:49:17] [ INFO ] [OdontologoService:28] Se busco un odontologo con ID: 1
[2022-12-11 17:49:17] [ INFO ] [PacienteService:29] Se busco un paciente con ID: 1
[2022-12-11 17:49:17] [ INFO ] [TurnoService:60] se registro un turno para el paciente con ID: 1
[2022-12-11 17:49:24] [ INFO ] [TurnoService:28] Se realizo la busqueda de todos los turnos
[2022-12-11 17:49:28] [ INFO ] [TurnoService:40] Se busco un turno con ID: 2
[2022-12-11 17:49:33] [ INFO ] [TurnoService:40] Se busco un turno con ID: 2
[2022-12-11 17:49:33] [ WARN ] [TurnoService:56] Se actualizo el turno con iD: 2
[2022-12-11 17:49:33] [ INFO ] [TurnoService:28] Se realizo la busqueda de todos los turnos
[2022-12-11 17:49:39] [ INFO ] [TurnoService:40] Se busco un turno con ID: 2
[2022-12-11 17:49:39] [ WARN ] [TurnoService:52] Se elimino el turno con iD: 2
[2022-12-11 17:49:42] [ INFO ] [TurnoService:40] Se busco un turno con ID: 1
[2022-12-11 17:49:42] [ WARN ] [TurnoService:52] Se elimino el turno con iD: 1
[2022-12-11 17:49:44] [ INFO ] [PacienteService:43] Se realizo la busqueda de todos los pacientes
[2022-12-11 17:49:48] [ INFO ] [PacienteService:29] Se busco un paciente con ID: 1
[2022-12-11 17:49:48] [ WARN ] [PacienteService:34] Se elimino el paciente con iD: 1
[2022-12-11 17:49:51] [ INFO ] [OdontologoService:43] Se realizo la busqueda de todos los odontologos
[2022-12-11 17:49:52] [ INFO ] [OdontologoService:28] Se busco un odontologo con ID: 1
[2022-12-11 17:49:52] [ WARN ] [OdontologoService:38] Se elimino el odontologo con iD: 1
[2022-12-11 17:49:53] [ INFO ] [OdontologoService:28] Se busco un odontologo con ID: 2
[2022-12-11 17:49:53] [ WARN ] [OdontologoService:38] Se elimino el odontologo con iD: 2
